INFO:root:#Step : Reading conf file is start
INFO:root:#Step : Reading table description is start
INFO:root:#Step : Mysql connection established successfully
INFO:root:#Step : DDL generation is start...
INFO:root:#Step : Reading conf file is start
INFO:root:#Step : Reading table description is start
ERROR:root:#Error : Something is wrong with your user name or password
INFO:root:#Step : Reading conf file is start
INFO:root:#Step : Reading table description is start
ERROR:root:#Error : Something is wrong with your user name or password
INFO:root:#Step : Reading conf file is start
INFO:root:#Step : Reading table description is start
ERROR:root:#Error : Something is wrong with your user name or password
INFO:root:#Step : Reading conf file is start
INFO:root:#Step : Reading table description is start
INFO:root:#Step : Mysql connection established successfully
INFO:root:#Step : DDL generation is start...
INFO:root:#Step : Reading conf file is start
INFO:root:#Step : Reading table description is start
INFO:root:#Step : Mysql connection established successfully
INFO:root:#Step : DDL generation is start...
INFO:root:#Step : Reading conf file is start
INFO:root:#Step : Reading conf file is start
INFO:root:#Step : Reading table description is start
INFO:root:#Step : Mysql connection established successfully
INFO:root:#Step : DDL generation is start...
INFO:root:#Step : Reading conf file is start
INFO:root:#Step : Reading conf file is start
INFO:root:#Step : Reading conf file is start
INFO:root:#Step : Reading conf file is start
INFO:root:#Step : Reading conf file is start
INFO:root:#Error : Something went rough while reding conf file..
INFO:root:#Step : Reading conf file is start
INFO:root:#Step : Reading table description is start
INFO:root:#Step : Mysql connection established successfully
INFO:root:#Step : DDL generation is start...
INFO:root:#Step : Reading conf file is start
INFO:root:#Step : Reading table description is start
INFO:root:#Step : Mysql connection established successfully
INFO:root:#Step : DDL generation is start...
INFO:root:#Step : Reading conf file is start
INFO:root:#Error : Something went rough while reding conf file..
INFO:root:#Step : Reading conf file is start
INFO:root:#Step : Reading table description is start
INFO:root:#Step : Reading conf file is start
INFO:root:#Step : Reading table description is start
INFO:root:#Step : Reading conf file is start
INFO:root:#Step : Reading table description is start
INFO:root:#Step : Reading conf file is start
INFO:root:#Error : Something went rough while reding conf file..
INFO:root:#Step : Reading conf file is start
INFO:root:#Step : Reading table description is start
INFO:root:#Step : Mysql connection established successfully
INFO:root:#Step : DDL generation is start...
INFO:root:#Step : DDL generation completed...
